android/app/build/outputs/mapping/release/seeds.txt
com.zafus.mathquiz.MainActivity
com.zafus.mathquiz.MainActivity: MainActivity()
...
com.google.android.gms.internal.firebase-auth-api.zzdr: int zzb
com.google.android.gms.internal.firebase-auth-api.zzdf: com.google.android.gms.internal.firebase-auth-api.zzzn zzc
com.google.android.recaptcha.internal.zzsi: java.lang.String zzi
com.google.android.gms.internal.firebase-auth-api.zzzo: com.google.android.gms.internal.firebase-auth-api.zzzn zza
com.google.android.gms.tasks.zzj: com.google.android.gms.tasks.OnCompleteListener zzc
com.google.android.gms.internal.firebase-auth-api.zzju: com.google.android.gms.internal.firebase-auth-api.zzju$zza zzc
com.dexterous.flutterlocalnotifications.models.NotificationDetails: java.lang.String GROUP_KEY
com.google.android.recaptcha.internal.zzls: com.google.android.recaptcha.internal.zznk zzk
com.google.android.gms.internal.firebase-auth-api.zzakd: com.google.android.gms.internal.firebase-auth-api.zzakd zzap
com.google.android.recaptcha.internal.zzif: com.google.android.recaptcha.internal.zzif zza
com.google.android.gms.internal.auth-api.zbaa: com.google.android.gms.common.api.Api$ClientKey zba
com.google.android.recaptcha.internal.zzoc: boolean zzb
com.google.android.gms.internal.firebase-auth-api.zzaeo: com.google.android.gms.internal.firebase-auth-api.zzaei zzb
com.google.android.gms.internal.firebase-auth-api.zzakd: com.google.android.gms.internal.firebase-auth-api.zzakd[] zzaz
com.pichillilorenzo.flutter_inappwebview_android.webview.WebViewChannelDelegateMethods: com.pichillilorenzo.flutter_inappwebview_android.webview.WebViewChannelDelegateMethods canGoBackOrForward
com.google.android.gms.internal.firebase-auth-api.zzzc: byte[] zze
com.google.android.gms.internal.firebase-auth-api.zzlu: byte[] zzb
com.google.android.gms.internal.fido.zzcm: com.google.android.gms.internal.fido.zzcm zza
com.google.android.gms.internal.firebase-auth-api.zznu: java.lang.Integer zzc
com.google.android.gms.internal.firebase-auth-api.zzdt$zza: com.google.android.gms.internal.firebase-auth-api.zzzo zzb
com.google.android.gms.internal.firebase-auth-api.zzmf: byte[] zza
com.google.android.recaptcha.internal.zzj: int zza
com.google.android.gms.internal.firebase-auth-api.zzue: int zze
com.google.android.gms.tasks.zzj: java.lang.Object zzb
com.google.android.gms.internal.firebase-auth-api.zzdx: com.google.android.gms.internal.firebase-auth-api.zzoe zzb
com.google.android.recaptcha.internal.zznx: int zzd
com.pichillilorenzo.flutter_inappwebview_android.print_job.PrintJobSettings: java.lang.Integer duplexMode
com.google.android.gms.tasks.zzaf: int zzd
com.pichillilorenzo.flutter_inappwebview_android.webview.in_app_webview.InAppWebView: java.lang.Object id
io.flutter.embedding.engine.renderer.FlutterRenderer$ImageReaderSurfaceProducer: long lastQueueTime
com.google.android.gms.internal.firebase-auth-api.zzakg$zze: int zzc
com.google.android.gms.internal.firebase-auth-api.zzfd: int[] zza
androidx.activity.ComponentActivity: androidx.activity.ComponentActivity$Companion Companion
com.google.android.recaptcha.internal.zzlw: com.google.android.recaptcha.internal.zznh zza
com.pichillilorenzo.flutter_inappwebview_android.webview.in_app_webview.InAppWebViewClientCompat$5: android.webkit.WebView val$view
com.pichillilorenzo.flutter_inappwebview_android.webview.WebViewChannelDelegateMethods: com.pichillilorenzo.flutter_inappwebview_android.webview.WebViewChannelDelegateMethods removeUserScriptsByGroupName
com.google.android.gms.internal.firebase-auth-api.zzvs: com.google.android.gms.internal.firebase-auth-api.zzalw zzd
com.google.android.recaptcha.internal.zzsx: java.lang.String zzg
com.google.android.gms.internal.auth.zzaa: com.google.android.gms.tasks.TaskCompletionSource zza
com.google.android.recaptcha.internal.zzry: com.google.android.recaptcha.internal.zzry zzb
com.google.android.gms.internal.firebase-auth-api.zztq: com.google.android.gms.internal.firebase-auth-api.zzalw zzd
io.flutter.embedding.engine.FlutterJNI: float displayWidth
com.google.android.gms.internal.firebase-auth-api.zzahk: boolean zzc