android/app/build/outputs/mapping/release/usage.txt
com.zafus.mathquiz.R$color
com.zafus.mathquiz.R$drawable
com.zafus.mathquiz.R$mipmap
com.zafus.mathquiz.R$string
com.zafus.mathquiz.R$style
com.zafus.mathquiz.R
com.zafus.mathquiz.MainActivity:
    private static void $r8$constructor$io$flutter$embedding$android$FlutterActivity()
    public final synthetic bridge boolean attachToEngineAutomatically()
    public static boolean attachToEngineAutomatically$io$flutter$embedding$android$FlutterActivity()
    public static void cancelBackGesture()
    public static void cancelBackGesture$io$flutter$embedding$android$FlutterActivity()
    public final synthetic bridge void cleanUpFlutterEngine()
    public static void cleanUpFlutterEngine$io$flutter$embedding$android$FlutterActivity()
    public static void commitBackGesture()
    public static void commitBackGesture$io$flutter$embedding$android$FlutterActivity()
    public final void configureFlutterEngine()
    public static void configureFlutterEngine$io$flutter$embedding$android$FlutterActivity()
    public static void configureStatusBarForFullscreenFlutterExperience()
    public static void configureStatusBarForFullscreenFlutterExperience$io$flutter$embedding$android$FlutterActivity()
    public static void configureWindowForTransparency()
    public static void configureWindowForTransparency$io$flutter$embedding$android$FlutterActivity()
    public static android.view.View createFlutterView()
    public static android.view.View createFlutterView$io$flutter$embedding$android$FlutterActivity()
    public static android.window.OnBackInvokedCallback createOnBackInvokedCallback()
...
androidx.recyclerview.widget.StaggeredGridLayoutManager:
    public int mFullSizeSpec
    public boolean mLaidOutInvalidFullSpan
    public static void appendViewToAllSpans()
    public static void applyPendingSavedState()
    public static boolean areAllEndsEqual()
    public static boolean areAllStartsEqual()
    public static void attachViewToSpans()
    public static boolean checkSpanForGap()
    public final int convertFocusDirectionToLayoutDirection(int)
    public static androidx.recyclerview.widget.StaggeredGridLayoutManager$LazySpanLookup$FullSpanItem createFullSpanItemFromEnd()
    public static androidx.recyclerview.widget.StaggeredGridLayoutManager$LazySpanLookup$FullSpanItem createFullSpanItemFromStart()
    public static void createOrientationHelpers()
    public static int findFirstReferenceChildPosition()
    public static int findFirstVisibleItemPositionInt()
    public static int findLastReferenceChildPosition()
    public static int getMaxStart()
    public static int getMinEnd()
    public static androidx.recyclerview.widget.StaggeredGridLayoutManager$Span getNextSpan()
    public static void invalidateSpanAssignments()
    public static void measureChildWithDecorationsAndMargin()
    public final void measureChildWithDecorationsAndMargin(android.view.View,int,int,boolean)
    public static void prependViewToAllSpans()
    public static void repositionToWrapContentIfNecessary()
    public final void setOrientation(int)
androidx.recyclerview.widget.ViewBoundsCheck$BoundFlags:
    public final void addFlags(int)
    public static int compare(int,int)
    public static void resetFlags()
    public final void setBounds(int,int,int,int)
androidx.recyclerview.widget.ViewBoundsCheck$Callback:
    public abstract android.view.View getChildAt()
    public abstract int getChildEnd(android.view.View)
    public abstract int getChildStart(android.view.View)
    public abstract int getParentEnd()
    public abstract int getParentStart()
androidx.recyclerview.widget.ViewBoundsCheck
androidx.recyclerview.widget.ViewInfoStore$InfoRecord:
    public static void recycle(androidx.recyclerview.widget.ViewInfoStore$InfoRecord)
androidx.recyclerview.widget.ViewInfoStore$ProcessCallback
androidx.recyclerview.widget.ViewInfoStore:
    private static void $r8$constructor$androidx$recyclerview$widget$StaggeredGridLayoutManager$LazySpanLookup()
    private static void $r8$constructor$androidx$recyclerview$widget$ViewBoundsCheck()
    private static void $r8$constructor$androidx$recyclerview$widget$ViewInfoStore()
    public static void addFullSpanItem()
    public static void addToAppearedInPreLayoutHolders()
    public final void addToOldChangeHolders(long,androidx.recyclerview.widget.RecyclerView$ViewHolder)
    public final void forceInvalidateAfter(int)
    public final androidx.recyclerview.widget.StaggeredGridLayoutManager$LazySpanLookup$FullSpanItem getFirstFullSpanItemInRange(int,int,int)
    public static androidx.recyclerview.widget.RecyclerView$ViewHolder getFromOldChangeHolders()
    public final androidx.recyclerview.widget.StaggeredGridLayoutManager$LazySpanLookup$FullSpanItem getFullSpanItem(int)
    public static int getSpan()
    public static int invalidateFullSpansAfter()
    public final boolean isDisappearing(androidx.recyclerview.widget.RecyclerView$ViewHolder)
    public static boolean isInPreLayout()
    public static void offsetFullSpansForAddition()
    public static void offsetFullSpansForRemoval()
    public static void onDetach()
    public static void onViewDetached()
    public static androidx.recyclerview.widget.RecyclerView$ItemAnimator$ItemHolderInfo popFromPostLayout()
androidx.savedstate.R$id
androidx.savedstate.Recreator$Companion
androidx.savedstate.Recreator$SavedStateProvider
androidx.savedstate.Recreator:
    public static final com.google.firebase.heartbeatinfo.HeartBeatConsumerComponent$1 Companion
    public static void <clinit>()
    public static void reflectiveNew()